<?xml version="1.0" encoding="UTF-8"?>
<robot generator="Robot 7.2.2 (Python 3.13.3 on win32)" generated="2025-06-02T21:17:47.709091" rpa="false" schemaversion="5">
<suite id="s1" name="ROBOT1" source="C:\Users\ADMIN\PycharmProjects\ROBOT1">
<suite id="s1-s1" name="Test" source="C:\Users\ADMIN\PycharmProjects\ROBOT1\test.robot">
<test id="s1-s1-t1" name="Open YouTube And Get View Count" line="15">
<kw name="Open Browser" owner="SeleniumLibrary">
<msg time="2025-06-02T21:17:47.915642" level="INFO">Opening browser 'Chrome' to base url 'https://www.youtube.com'.</msg>
<arg>${URL}</arg>
<arg>${BROWSER}</arg>
<doc>Opens a new browser instance to the optional ``url``.</doc>
<status status="PASS" start="2025-06-02T21:17:47.915426" elapsed="4.164467"/>
</kw>
<kw name="Maximize Browser Window" owner="SeleniumLibrary">
<doc>Maximizes current browser window.</doc>
<status status="PASS" start="2025-06-02T21:17:52.080673" elapsed="0.093616"/>
</kw>
<kw name="Sleep" owner="BuiltIn">
<msg time="2025-06-02T21:17:55.176615" level="INFO">Slept 3 seconds.</msg>
<arg>3s</arg>
<doc>Pauses the test executed for the given time.</doc>
<status status="PASS" start="2025-06-02T21:17:52.175212" elapsed="3.001548"/>
</kw>
<kw name="Wait Until Element Is Visible" owner="SeleniumLibrary">
<arg>${Input_Element}</arg>
<doc>Waits until the element ``locator`` is visible.</doc>
<status status="PASS" start="2025-06-02T21:17:55.177667" elapsed="0.021673"/>
</kw>
<kw name="Input Text" owner="SeleniumLibrary">
<msg time="2025-06-02T21:17:55.199954" level="INFO">Typing text 'Eleven' into text field 'xpath=//input[@placeholder='Search']'.</msg>
<arg>${Input_Element}</arg>
<arg>${SEARCH_TERM}</arg>
<doc>Types the given ``text`` into the text field identified by ``locator``.</doc>
<status status="PASS" start="2025-06-02T21:17:55.199751" elapsed="0.071565"/>
</kw>
<kw name="Press Keys" owner="SeleniumLibrary">
<msg time="2025-06-02T21:17:55.272293" level="INFO">Sending key(s) ('RETURN',) to xpath=//input[@placeholder='Search'] element.</msg>
<msg time="2025-06-02T21:17:55.563238" level="INFO">Pressing special key RETURN to element.</msg>
<msg time="2025-06-02T21:17:55.563328" level="INFO">Releasing special key RETURN.</msg>
<arg>${Input_Element}</arg>
<arg>RETURN</arg>
<doc>Simulates the user pressing key(s) to an element or on the active browser.</doc>
<status status="PASS" start="2025-06-02T21:17:55.271807" elapsed="0.319293"/>
</kw>
<kw name="Sleep" owner="BuiltIn">
<msg time="2025-06-02T21:17:58.592621" level="INFO">Slept 3 seconds.</msg>
<arg>3s</arg>
<doc>Pauses the test executed for the given time.</doc>
<status status="PASS" start="2025-06-02T21:17:55.591844" elapsed="3.000912"/>
</kw>
<kw name="Click Element" owner="SeleniumLibrary">
<msg time="2025-06-02T21:17:58.593801" level="INFO">Clicking element 'xpath=//yt-formatted-string[contains(@class, "ytd-video-renderer") and contains(text(), "IVE") and contains(text(), "ELEVEN")]'.</msg>
<arg>${Video_Element}</arg>
<doc>Click the element identified by ``locator``.</doc>
<status status="PASS" start="2025-06-02T21:17:58.593353" elapsed="0.092210"/>
</kw>
<kw name="Sleep" owner="BuiltIn">
<msg time="2025-06-02T21:18:01.686633" level="INFO">Slept 3 seconds.</msg>
<arg>3s</arg>
<doc>Pauses the test executed for the given time.</doc>
<status status="PASS" start="2025-06-02T21:17:58.686098" elapsed="3.000712"/>
</kw>
<kw name="Click Element" owner="SeleniumLibrary">
<msg time="2025-06-02T21:18:01.687955" level="INFO">Clicking element 'xpath=//div[@id='info-container']'.</msg>
<arg>${View_Element}</arg>
<doc>Click the element identified by ``locator``.</doc>
<status status="PASS" start="2025-06-02T21:18:01.687575" elapsed="0.131698"/>
</kw>
<kw name="Sleep" owner="BuiltIn">
<msg time="2025-06-02T21:18:04.820488" level="INFO">Slept 3 seconds.</msg>
<arg>3s</arg>
<doc>Pauses the test executed for the given time.</doc>
<status status="PASS" start="2025-06-02T21:18:01.819823" elapsed="3.000862"/>
</kw>
<kw name="Get Text" owner="SeleniumLibrary">
<msg time="2025-06-02T21:18:04.849567" level="INFO">${views} = 246,891,919 views</msg>
<var>${views}</var>
<arg>${View_XPath}</arg>
<doc>Returns the text value of the element identified by ``locator``.</doc>
<status status="PASS" start="2025-06-02T21:18:04.821123" elapsed="0.028483"/>
</kw>
<kw name="Log To Console" owner="BuiltIn">
<arg>Current video view count: ${views}</arg>
<doc>Logs the given message to the console.</doc>
<status status="PASS" start="2025-06-02T21:18:04.850177" elapsed="0.000282"/>
</kw>
<status status="PASS" start="2025-06-02T21:17:47.914715" elapsed="16.936307"/>
</test>
<doc>Lấy số lượt xem video trên YouTube</doc>
<status status="PASS" start="2025-06-02T21:17:47.728753" elapsed="17.123221"/>
</suite>
<status status="PASS" start="2025-06-02T21:17:47.710003" elapsed="17.143338"/>
</suite>
<statistics>
<total>
<stat pass="1" fail="0" skip="0">All Tests</stat>
</total>
<tag>
</tag>
<suite>
<stat name="ROBOT1" id="s1" pass="1" fail="0" skip="0">ROBOT1</stat>
<stat name="Test" id="s1-s1" pass="1" fail="0" skip="0">ROBOT1.Test</stat>
</suite>
</statistics>
<errors>
</errors>
</robot>
